<?xml version="1.0" encoding="UTF-8"?>
<!-- Generated by org.testng.reporters.JUnitXMLReporter -->
<testsuite ignored="0" hostname="DESKTOP-454KT78" failures="0" tests="42" name="All Test Cases" time="494.091" errors="0" timestamp="2024-06-13T18:20:19 IST">
  <testcase classname="testCases.CartPage_Test" name="verifyCartDescLabelTest" time="1.602"/>
  <testcase classname="testCases.CartPage_Test" name="verifyCartQuantityLabelTest" time="0.047"/>
  <testcase classname="testCases.CartPage_Test" name="verifyCheckoutButtonTest" time="3.162"/>
  <testcase classname="testCases.CartPage_Test" name="verifyContinueShoppingBtnTest" time="3.576"/>
  <testcase classname="testCases.CartPage_Test" name="verifyLogoOfShoppingCartPageTest" time="0.055"/>
  <testcase classname="testCases.CartPage_Test" name="verifyShoppingCartPageTest" time="0.013"/>
  <testcase classname="testCases.CartPage_Test" name="verifyShoppingCartPageTitleTest" time="0.053"/>
  <testcase classname="testCases.LoginPage_Test" name="loginToApplicationTest" time="0.802"/>
  <testcase classname="testCases.LoginPage_Test" name="verifyTitleOfApplicationTest" time="0.115"/>
  <testcase classname="testCases.LoginPage_Test" name="verifyURLOFApplicationTest" time="0.084"/>
  <testcase classname="testCases.CheckoutStep_Two_Page_Test" name="verifyCheck2CancelBtnTest" time="0.242"/>
  <testcase classname="testCases.CheckoutStep_Two_Page_Test" name="verifyCheck2DescLabelTest" time="0.051"/>
  <testcase classname="testCases.CheckoutStep_Two_Page_Test" name="verifyCheck2PageLogoTest" time="0.048"/>
  <testcase classname="testCases.CheckoutStep_Two_Page_Test" name="verifyCheck2PageTitleTest" time="0.056"/>
  <testcase classname="testCases.CheckoutStep_Two_Page_Test" name="verifyCheck2QtyLabelTest" time="0.05"/>
  <testcase classname="testCases.CheckoutStep_Two_Page_Test" name="verifyCheck2openMenuBtnTest" time="0.371"/>
  <testcase classname="testCases.CheckoutStep_Two_Page_Test" name="verifyFinishBtnTest" time="0.124"/>
  <testcase classname="testCases.CheckoutStep_Two_Page_Test" name="verifyPaymentInfoLabelTest" time="0.041"/>
  <testcase classname="testCases.CheckoutStep_Two_Page_Test" name="verifyPriceInfoLabelTest" time="0.049"/>
  <testcase classname="testCases.CheckoutStep_Two_Page_Test" name="verifyShippingInfoLabelTest" time="0.042"/>
  <testcase classname="testCases.CheckoutStep_Two_Page_Test" name="verifyTotalLableTest" time="0.053"/>
  <testcase classname="testCases.Checkout_Complete_page_Test" name="verifyBackHomeBtnTest" time="0.116"/>
  <testcase classname="testCases.Checkout_Complete_page_Test" name="verifyCartIconTest" time="0.117"/>
  <testcase classname="testCases.Checkout_Complete_page_Test" name="verifyCompleteImgTest" time="0.085"/>
  <testcase classname="testCases.Checkout_Complete_page_Test" name="verifyCompletePageLogoTest" time="0.053"/>
  <testcase classname="testCases.Checkout_Complete_page_Test" name="verifyCompletePageMenuBtnTest" time="0.069"/>
  <testcase classname="testCases.Checkout_Complete_page_Test" name="verifyCompletePageTitleTest" time="0.049"/>
  <testcase classname="testCases.Checkout_Complete_page_Test" name="verifyCompleteTextTest" time="0.057"/>
  <testcase classname="testCases.Checkout_Complete_page_Test" name="verifyThankuhforYourOrderTextTest" time="0.049"/>
  <testcase classname="testCases.Checkout_Step_One_Page_Test" name="verifyCheck1CancelBtnTest" time="0.202"/>
  <testcase classname="testCases.Checkout_Step_One_Page_Test" name="verifyCheck1PageLogoTest" time="0.037"/>
  <testcase classname="testCases.Checkout_Step_One_Page_Test" name="verifyCheck1PageTitleTest" time="0.051"/>
  <testcase classname="testCases.Checkout_Step_One_Page_Test" name="verifyEnterInformationTest" time="0.623"/>
  <testcase classname="testCases.Checkout_Step_One_Page_Test" name="verifyOpenMenuBtnTest" time="0.207"/>
  <testcase classname="testCases.Inventory_Page_Test" name="add6Products" time="3.04"/>
  <testcase classname="testCases.Inventory_Page_Test" name="remove2ProductsTest" time="5.266"/>
  <testcase classname="testCases.Inventory_Page_Test" name="verifyAppLogoTest" time="0.072"/>
  <testcase classname="testCases.Inventory_Page_Test" name="verifyFacebookLogoTset" time="0.061"/>
  <testcase classname="testCases.Inventory_Page_Test" name="verifyFooterTextTest" time="0.07"/>
  <testcase classname="testCases.Inventory_Page_Test" name="verifyLinkedInLogoTest" time="0.079"/>
  <testcase classname="testCases.Inventory_Page_Test" name="verifyPageTitleTest" time="0.147"/>
  <testcase classname="testCases.Inventory_Page_Test" name="verifyTwitterLogoTest" time="0.086"/>
</testsuite> <!-- All Test Cases -->
