<?xml version="1.0" encoding="UTF-8"?>
<!-- Generated by org.testng.reporters.JUnitXMLReporter -->
<testsuite ignored="0" hostname="DESKTOP-454KT78" failures="0" tests="3" name="Default test" time="19.841" errors="0" timestamp="2024-06-20T14:16:59 IST">
  <testcase classname="testCases.LoginPage_Test" name="loginToApplicationTest" time="3.163"/>
  <testcase classname="testCases.LoginPage_Test" name="verifyTitleOfApplicationTest" time="0.235"/>
  <testcase classname="testCases.LoginPage_Test" name="verifyURLOFApplicationTest" time="0.231"/>
</testsuite> <!-- Default test -->
