<?xml version="1.0" encoding="UTF-8"?>
<!-- Generated by org.testng.reporters.JUnitXMLReporter -->
<testsuite ignored="0" hostname="DESKTOP-454KT78" failures="5" tests="34" name="Test" time="248.366" errors="0" timestamp="2024-06-12T20:52:46 IST">
  <testcase classname="testCases.CartPage_Test" name="verifyCartDescLabelTest" time="2.177">
    <failure type="java.lang.NullPointerException" message="Cannot invoke &amp;quot;org.apache.poi.ss.usermodel.Cell.getStringCellValue()&amp;quot; because the return value of &amp;quot;org.apache.poi.ss.usermodel.Row.getCell(int)&amp;quot; is null">
      <![CDATA[java.lang.NullPointerException: Cannot invoke "org.apache.poi.ss.usermodel.Cell.getStringCellValue()" because the return value of "org.apache.poi.ss.usermodel.Row.getCell(int)" is null
at utility.ReadData.readExcel(ReadData.java:25)
at testCases.CartPage_Test.verifyCartDescLabelTest(CartPage_Test.java:71)
at java.base/java.util.ArrayList.forEach(ArrayList.java:1511)
... Removed 27 stack frames]]>
    </failure>
  </testcase> <!-- verifyCartDescLabelTest -->
  <testcase classname="testCases.CartPage_Test" name="verifyCartQuantityLabelTest" time="0.075"/>
  <testcase classname="testCases.CartPage_Test" name="verifyCheckoutButtonTest" time="3.184"/>
  <testcase classname="testCases.CartPage_Test" name="verifyContinueShoppingBtnTest" time="3.17"/>
  <testcase classname="testCases.CartPage_Test" name="verifyLogoOfShoppingCartPageTest" time="0.061"/>
  <testcase classname="testCases.CartPage_Test" name="verifyShoppingCartPageTest" time="0.02"/>
  <testcase classname="testCases.CartPage_Test" name="verifyShoppingCartPageTitleTest" time="0.066"/>
  <testcase classname="testCases.LoginPage_Test" name="loginToApplicationTest" time="1.625"/>
  <testcase classname="testCases.LoginPage_Test" name="verifyTitleOfApplicationTest" time="0.091">
    <failure type="java.lang.NullPointerException" message="Cannot invoke &amp;quot;org.apache.poi.ss.usermodel.Cell.getStringCellValue()&amp;quot; because the return value of &amp;quot;org.apache.poi.ss.usermodel.Row.getCell(int)&amp;quot; is null">
      <![CDATA[java.lang.NullPointerException: Cannot invoke "org.apache.poi.ss.usermodel.Cell.getStringCellValue()" because the return value of "org.apache.poi.ss.usermodel.Row.getCell(int)" is null
at utility.ReadData.readExcel(ReadData.java:25)
at testCases.LoginPage_Test.verifyTitleOfApplicationTest(LoginPage_Test.java:47)
at java.base/java.util.ArrayList.forEach(ArrayList.java:1511)
... Removed 27 stack frames]]>
    </failure>
  </testcase> <!-- verifyTitleOfApplicationTest -->
  <testcase classname="testCases.LoginPage_Test" name="verifyURLOFApplicationTest" time="0.866"/>
  <testcase classname="testCases.CheckoutStep_Two_Page_Test" name="verifyCheck2CancelBtnTest" time="0.176"/>
  <testcase classname="testCases.CheckoutStep_Two_Page_Test" name="verifyCheck2DescLabelTest" time="0.059"/>
  <testcase classname="testCases.CheckoutStep_Two_Page_Test" name="verifyCheck2PageLogoTest" time="0.088"/>
  <testcase classname="testCases.CheckoutStep_Two_Page_Test" name="verifyCheck2PageTitleTest" time="0.066"/>
  <testcase classname="testCases.CheckoutStep_Two_Page_Test" name="verifyCheck2QtyLabelTest" time="0.041"/>
  <testcase classname="testCases.CheckoutStep_Two_Page_Test" name="verifyCheck2openMenuBtnTest" time="0.239"/>
  <testcase classname="testCases.CheckoutStep_Two_Page_Test" name="verifyFinishBtnTest" time="0.072">
    <failure type="java.lang.NullPointerException" message="Cannot invoke &amp;quot;org.apache.poi.ss.usermodel.Cell.getStringCellValue()&amp;quot; because the return value of &amp;quot;org.apache.poi.ss.usermodel.Row.getCell(int)&amp;quot; is null">
      <![CDATA[java.lang.NullPointerException: Cannot invoke "org.apache.poi.ss.usermodel.Cell.getStringCellValue()" because the return value of "org.apache.poi.ss.usermodel.Row.getCell(int)" is null
at utility.ReadData.readExcel(ReadData.java:25)
at testCases.CheckoutStep_Two_Page_Test.verifyFinishBtnTest(CheckoutStep_Two_Page_Test.java:126)
at java.base/java.util.ArrayList.forEach(ArrayList.java:1511)
... Removed 27 stack frames]]>
    </failure>
  </testcase> <!-- verifyFinishBtnTest -->
  <testcase classname="testCases.CheckoutStep_Two_Page_Test" name="verifyPaymentInfoLabelTest" time="0.061"/>
  <testcase classname="testCases.CheckoutStep_Two_Page_Test" name="verifyPriceInfoLabelTest" time="0.048"/>
  <testcase classname="testCases.CheckoutStep_Two_Page_Test" name="verifyShippingInfoLabelTest" time="0.05"/>
  <testcase classname="testCases.CheckoutStep_Two_Page_Test" name="verifyTotalLableTest" time="0.107"/>
  <testcase classname="testCases.Checkout_Step_One_Page_Test" name="verifyCancelBtnTest" time="0.068">
    <failure type="java.lang.NullPointerException" message="Cannot invoke &amp;quot;org.apache.poi.ss.usermodel.Cell.getStringCellValue()&amp;quot; because the return value of &amp;quot;org.apache.poi.ss.usermodel.Row.getCell(int)&amp;quot; is null">
      <![CDATA[java.lang.NullPointerException: Cannot invoke "org.apache.poi.ss.usermodel.Cell.getStringCellValue()" because the return value of "org.apache.poi.ss.usermodel.Row.getCell(int)" is null
at utility.ReadData.readExcel(ReadData.java:25)
at testCases.Checkout_Step_One_Page_Test.verifyCancelBtnTest(Checkout_Step_One_Page_Test.java:68)
at java.base/java.util.ArrayList.forEach(ArrayList.java:1511)
... Removed 27 stack frames]]>
    </failure>
  </testcase> <!-- verifyCancelBtnTest -->
  <testcase classname="testCases.Checkout_Step_One_Page_Test" name="verifyCheck1PageLogoTest" time="0.043"/>
  <testcase classname="testCases.Checkout_Step_One_Page_Test" name="verifyCheck1PageTitleTest" time="0.042"/>
  <testcase classname="testCases.Checkout_Step_One_Page_Test" name="verifyEnterInformationTest" time="0.796"/>
  <testcase classname="testCases.Checkout_Step_One_Page_Test" name="verifyOpenMenuBtnTest" time="0.187"/>
  <testcase classname="testCases.Inventory_Page_Test" name="add6Products" time="3.017"/>
  <testcase classname="testCases.Inventory_Page_Test" name="remove2ProductsTest" time="0.11">
    <failure type="java.lang.NullPointerException" message="Cannot invoke &amp;quot;org.apache.poi.ss.usermodel.Cell.getStringCellValue()&amp;quot; because the return value of &amp;quot;org.apache.poi.ss.usermodel.Row.getCell(int)&amp;quot; is null">
      <![CDATA[java.lang.NullPointerException: Cannot invoke "org.apache.poi.ss.usermodel.Cell.getStringCellValue()" because the return value of "org.apache.poi.ss.usermodel.Row.getCell(int)" is null
at utility.ReadData.readExcel(ReadData.java:25)
at testCases.Inventory_Page_Test.remove2ProductsTest(Inventory_Page_Test.java:58)
at java.base/java.util.ArrayList.forEach(ArrayList.java:1511)
... Removed 27 stack frames]]>
    </failure>
  </testcase> <!-- remove2ProductsTest -->
  <testcase classname="testCases.Inventory_Page_Test" name="verifyAppLogoTest" time="0.115"/>
  <testcase classname="testCases.Inventory_Page_Test" name="verifyFacebookLogoTset" time="0.074"/>
  <testcase classname="testCases.Inventory_Page_Test" name="verifyFooterTextTest" time="0.093"/>
  <testcase classname="testCases.Inventory_Page_Test" name="verifyLinkedInLogoTest" time="0.111"/>
  <testcase classname="testCases.Inventory_Page_Test" name="verifyPageTitleTest" time="0.213"/>
  <testcase classname="testCases.Inventory_Page_Test" name="verifyTwitterLogoTest" time="0.097"/>
</testsuite> <!-- Test -->
