<?xml version="1.0" encoding="UTF-8"?>
<!-- Generated by org.testng.reporters.JUnitXMLReporter -->
<testsuite ignored="4" hostname="DESKTOP-454KT78" failures="0" tests="4" name="Group_Test" time="41.444" errors="0" timestamp="2024-06-18T13:06:58 IST">
  <testcase classname="testCases.LoginPage_Test" name="loginToApplicationTest" time="3.684"/>
  <testcase classname="testCases.Checkout_Step_One_Page_Test" name="verifyCheck1PageLogoTest" time="0.053"/>
  <testcase classname="testCases.Checkout_Step_One_Page_Test" name="verifyCheck1PageTitleTest" time="0.073"/>
  <testcase classname="testCases.Checkout_Step_One_Page_Test" name="verifyEnterInformationTest" time="0.829"/>
  <testcase classname="testCases.LoginPage_Test" name="verifyURLOFApplicationTest" time="0.0">
    <ignored/>
  </testcase> <!-- verifyURLOFApplicationTest -->
  <testcase classname="testCases.LoginPage_Test" name="verifyTitleOfApplicationTest" time="0.0">
    <ignored/>
  </testcase> <!-- verifyTitleOfApplicationTest -->
  <testcase classname="testCases.Checkout_Step_One_Page_Test" name="verifyOpenMenuBtnTest" time="0.0">
    <ignored/>
  </testcase> <!-- verifyOpenMenuBtnTest -->
  <testcase classname="testCases.Checkout_Step_One_Page_Test" name="verifyCheck1CancelBtnTest" time="0.0">
    <ignored/>
  </testcase> <!-- verifyCheck1CancelBtnTest -->
</testsuite> <!-- Group_Test -->
